<?xml version="1.0" encoding="UTF-8"?>
<!-- Generated by org.testng.reporters.JUnitReportReporter -->
<testsuite hostname="DESKTOP-JRAVQ96" failures="0" tests="6" name="com.traval.qa.test.SearchAndHotelpageEditTest" time="103.998" errors="0" timestamp="2024-02-13T20:48:26 IST" skipped="0">
  <testcase classname="com.traval.qa.test.SearchAndHotelpageEditTest" name="Validate_HomePage_Title" time="1.713"/>
  <testcase classname="com.traval.qa.test.SearchAndHotelpageEditTest" name="ValidataBy_AddingRequirment_InHomePage" time="12.761"/>
  <testcase classname="com.traval.qa.test.SearchAndHotelpageEditTest" name="Edit_Requirments_InListingPage" time="61.995"/>
  <testcase classname="com.traval.qa.test.SearchAndHotelpageEditTest" name="Edit_the_Hotel_Details_ByMatchingDetails_with_EditedListingPage" time="18.470"/>
  <testcase classname="com.traval.qa.test.SearchAndHotelpageEditTest" name="Validate_CheckoutPagerequirment_From_EditedHotelPage" time="4.593"/>
  <testcase classname="com.traval.qa.test.SearchAndHotelpageEditTest" name="SucessFul_MassageConfirmation" time="4.466"/>
</testsuite> <!-- com.traval.qa.test.SearchAndHotelpageEditTest -->
