<?xml version="1.0" encoding="UTF-8"?>
<!-- Generated by org.testng.reporters.JUnitReportReporter -->
<testsuite hostname="DESKTOP-JRAVQ96" failures="0" tests="6" name="com.traval.qa.test.EditInHotelPageTest" time="55.021" errors="0" timestamp="2024-02-13T20:48:26 IST" skipped="0">
  <testcase classname="com.traval.qa.test.EditInHotelPageTest" name="Validate_HomePage_Title" time="1.766"/>
  <testcase classname="com.traval.qa.test.EditInHotelPageTest" name="ValidataBy_AddingRequirment_InHomePage" time="14.373"/>
  <testcase classname="com.traval.qa.test.EditInHotelPageTest" name="Validateby_Requirments_Matchingin_ListingPage_FromHomePage" time="10.880"/>
  <testcase classname="com.traval.qa.test.EditInHotelPageTest" name="Edit_the_HotelPage_Details_byMatchingDetails_withHomePage" time="21.017"/>
  <testcase classname="com.traval.qa.test.EditInHotelPageTest" name="Validate_CheckoutPagerequirment_From_EditedHotelPage" time="3.420"/>
  <testcase classname="com.traval.qa.test.EditInHotelPageTest" name="SucessFul_MassageConfirmation" time="3.565"/>
</testsuite> <!-- com.traval.qa.test.EditInHotelPageTest -->
