<?xml version="1.0" encoding="UTF-8"?>
<!-- Generated by org.testng.reporters.JUnitReportReporter -->
<testsuite hostname="DESKTOP-JRAVQ96" failures="0" tests="4" name="com.traval.qa.test.ResentViewHotelTest" time="61.763" errors="0" timestamp="2024-02-13T20:48:26 IST" skipped="0">
  <testcase classname="com.traval.qa.test.ResentViewHotelTest" name="Validate_HomePage" time="1.737"/>
  <testcase classname="com.traval.qa.test.ResentViewHotelTest" name="ValidataBy_AddingRequirment_InHomePage" time="12.539"/>
  <testcase classname="com.traval.qa.test.ResentViewHotelTest" name="Validateby_Selecting_The_Recent_Three_Hotel" time="47.487"/>
  <testcase classname="com.traval.qa.test.ResentViewHotelTest" name="Validate_Selected_HotelIn_HomePage_RecentTab" time="0.000"/>
</testsuite> <!-- com.traval.qa.test.ResentViewHotelTest -->
