<?xml version="1.0" encoding="UTF-8"?>
<!-- Generated by org.testng.reporters.JUnitReportReporter -->
<testsuite hostname="DESKTOP-JRAVQ96" failures="0" tests="4" name="com.traval.qa.test.LoginLogoutTest" time="38.526" errors="0" timestamp="2024-02-13T20:48:26 IST" skipped="0">
  <testcase classname="com.traval.qa.test.LoginLogoutTest" name="Validate_HomePage" time="1.398"/>
  <testcase classname="com.traval.qa.test.LoginLogoutTest" name="Validate_UnsucessfulLogin" time="10.857"/>
  <testcase classname="com.traval.qa.test.LoginLogoutTest" name="Validate_SucessFullLogin_ClickMultiplePage" time="20.429"/>
  <testcase classname="com.traval.qa.test.LoginLogoutTest" name="Validate_AfterClicking_SignOut" time="5.842"/>
</testsuite> <!-- com.traval.qa.test.LoginLogoutTest -->
